
ROM used:   200/8192 (2%)
            200/8192 (2%) including unused fragments

            0.2 Average locations per line
            2.2 Average locations per statement

RAM used:   6/368 (2%) at main() level
            18/368 (5%) worst case

Stack used: 1 worst case (1 in main + 0 for interrupts)
Stack size: 8

Lines Stmts  %   Files
----- ----- ---  -----
   54     5   6  picSerial.c
  672     0   0  ..\..\..\..\..\..\..\Program Files (x86)\PICC\Devices\16F877A.h
  456    84  94  ..\..\..\..\..\..\..\Program Files (x86)\PICC\Drivers\lcd.c
----- -----
 1182    89 Total

Page ROM  %  RAM    Vol Diff  Functions:
---- --- --- ---    --- ----  ----------
0     21  10    1             @delay_ms1
 Inline         3    596  5.9  lcd_read_byte
0      6   3    0     59  4.2  lcd_read_nibble
0     12   6    1    179  3.3  lcd_send_nibble
 Inline         3    460  4.7  lcd_send_byte
0    124  62    6    814  7.2  lcd_init
0     33  16    0    112  2.0  MAIN
 Inline         0             @cinit1

Program metrics:
    Functions               6
    Statements              89
    Comments                249
    Volume (V)              3141
    Difficulty (D)          26.5
    Effort to implement (E) 83289
    Time to implement (T)   1 hours, 17 minutes
    Est Delivered Bugs (B)  1
    Cyclomatic Complexity   2
    Maintainability (MI)    68

 Segment     Used  Free
-----------  ----  ----
00000-00003     4  0  
00004-007FF   196  1848  
00800-00FFF     0  2048  
01000-017FF     0  2048  
01800-01FFF     0  2048  



