
ROM used:   330/8192 (4%)
            330/8192 (4%) including unused fragments

            0.2 Average locations per line
            1.5 Average locations per statement

RAM used:   8/368 (2%) at main() level
            23/368 (6%) worst case

Stack used: 3 worst case (3 in main + 0 for interrupts)
Stack size: 8

Lines Stmts  %   Files
----- ----- ---  -----
   22     8   4  Comserial.c
  672     0   0  ..\..\..\..\..\..\Program Files (x86)\PICC\Devices\16F877A.h
  423   125  58  ..\..\..\..\..\..\Program Files (x86)\PICC\Drivers\string.h
   32     0   0  ..\..\..\..\..\..\Program Files (x86)\PICC\Drivers\stddef.h
   28     0   0  ..\..\..\..\..\..\Program Files (x86)\PICC\Drivers\ctype.h
  456    84  39  ..\..\..\..\..\..\Program Files (x86)\PICC\Drivers\lcd.c
----- -----
 1633   217 Total

Page ROM  %  RAM    Vol Diff  Functions:
---- --- --- ---    --- ----  ----------
0     21   6    1             @delay_ms1
 Inline         3    596  5.9  lcd_read_byte
0      6   2    0     59  4.2  lcd_read_nibble
0     12   4    1    179  3.3  lcd_send_nibble
0     64  19    3    460  4.7  lcd_send_byte
0     62  19    6    814  7.2  lcd_init
0     18   5    4    208  6.3  lcd_gotoxy
0     46  14    1    354  4.7  lcd_putc
0     64  19    1    174  2.5  MAIN
0     33  10    4             @SFTOI
 Inline         0             @cinit1

Program metrics:
    Functions               8
    Statements              217
    Comments                368
    Volume (V)              4305
    Difficulty (D)          37.7
    Effort to implement (E) 162281
    Time to implement (T)   2 hours, 30 minutes
    Est Delivered Bugs (B)  1
    Cyclomatic Complexity   8
    Maintainability (MI)    40

 Segment     Used  Free
-----------  ----  ----
00000-00003     4  0  
00004-007FF   326  1718  
00800-00FFF     0  2048  
01000-017FF     0  2048  
01800-01FFF     0  2048  



