CCS PCM C Compiler, Version 5.025, 7034               06-jun.-23 07:04

               Filename:   C:\Users\aldoh\Desktop\cecyt\pic16f877\picArduinoComunication\Comserial.lst

               ROM used:   330 words (4%)
                           Largest free fragment is 2048
               RAM used:   8 (2%) at main() level
                           23 (6%) worst case
               Stack used: 3 locations
               Stack size: 8

*
0000:  MOVLW  01
0001:  MOVWF  0A
0002:  GOTO   10A
0003:  NOP
.................... #include <16F877A.h> 
.................... //////////// Standard Header file for the PIC16F877A device //////////////// 
.................... /////////////////////////////////////////////////////////////////////////// 
.................... ////        (C) Copyright 1996, 2013 Custom Computer Services          //// 
.................... //// This source code may only be used by licensed users of the CCS C  //// 
.................... //// compiler.  This source code may only be distributed to other      //// 
.................... //// licensed users of the CCS C compiler.  No other use, reproduction //// 
.................... //// or distribution is permitted without written permission.          //// 
.................... //// Derivative programs created using this software in object code    //// 
.................... //// form are not restricted in any way.                               //// 
.................... /////////////////////////////////////////////////////////////////////////// 
.................... #device PIC16F877A 
*
00BB:  MOVLW  8E
00BC:  MOVWF  77
00BD:  MOVF   27,W
00BE:  SUBWF  77,F
00BF:  MOVF   28,W
00C0:  MOVWF  79
00C1:  MOVF   29,W
00C2:  MOVWF  78
00C3:  BSF    79.7
00C4:  MOVF   77,F
00C5:  BTFSC  03.2
00C6:  GOTO   0D2
00C7:  BCF    03.0
00C8:  MOVF   79,F
00C9:  BTFSS  03.2
00CA:  GOTO   0CE
00CB:  MOVF   78,F
00CC:  BTFSC  03.2
00CD:  GOTO   0D2
00CE:  RRF    79,F
00CF:  RRF    78,F
00D0:  DECFSZ 77,F
00D1:  GOTO   0C7
00D2:  BTFSS  28.7
00D3:  GOTO   0D9
00D4:  COMF   78,F
00D5:  COMF   79,F
00D6:  INCF   78,F
00D7:  BTFSC  03.2
00D8:  INCF   79,F
00D9:  BCF    0A.3
00DA:  BCF    0A.4
00DB:  GOTO   139 (RETURN)
....................  
.................... #list 
....................  
.................... #include <string.h> 
.................... //////////////////////////////////////////////////////////////////////////// 
.................... ////        (C) Copyright 1996,2008 Custom Computer Services            //// 
.................... //// This source code may only be used by licensed users of the CCS C   //// 
.................... //// compiler.  This source code may only be distributed to other       //// 
.................... //// licensed users of the CCS C compiler.  No other use, reproduction  //// 
.................... //// or distribution is permitted without written permission.           //// 
.................... //// Derivative programs created using this software in object code     //// 
.................... //// form are not restricted in any way.                                //// 
.................... //////////////////////////////////////////////////////////////////////////// 
....................  
.................... #ifndef _STRING 
.................... #define _STRING 
.................... #include <stddef.h> 
.................... /////////////////////////////////////////////////////////////////////////// 
.................... ////        (C) Copyright 1996,2003 Custom Computer Services           //// 
.................... //// This source code may only be used by licensed users of the CCS C  //// 
.................... //// compiler.  This source code may only be distributed to other      //// 
.................... //// licensed users of the CCS C compiler.  No other use, reproduction //// 
.................... //// or distribution is permitted without written permission.          //// 
.................... //// Derivative programs created using this software in object code    //// 
.................... //// form are not restricted in any way.                               //// 
.................... /////////////////////////////////////////////////////////////////////////// 
....................  
.................... #ifndef _STDDEF 
....................  
.................... #define _STDDEF 
....................  
.................... #if sizeof(unsigned int8 *)==1 
.................... #define ptrdiff_t unsigned int8 
.................... #else 
.................... #define ptrdiff_t unsigned int16 
.................... #endif 
....................  
.................... #if defined(__PCB__) 
.................... #define size_t unsigned int8 
.................... #else 
.................... #define size_t unsigned int16 
.................... #endif 
.................... #define wchar_t char 
.................... #define NULL 0 
....................  
.................... #define offsetof(s,f) (offsetofbit(s,f)/8) 
....................  
.................... #endif 
....................  
.................... #include <ctype.h> 
.................... //////////////////////////////////////////////////////////////////////////// 
.................... ////        (C) Copyright 1996,2003 Custom Computer Services            //// 
.................... //// This source code may only be used by licensed users of the CCS C   //// 
.................... //// compiler.  This source code may only be distributed to other       //// 
.................... //// licensed users of the CCS C compiler.  No other use, reproduction  //// 
.................... //// or distribution is permitted without written permission.           //// 
.................... //// Derivative programs created using this software in object code     //// 
.................... //// form are not restricted in any way.                                //// 
.................... //////////////////////////////////////////////////////////////////////////// 
....................  
.................... #ifndef _CTYPE 
.................... #define _CTYPE 
....................  
.................... #define islower(x)  isamong(x,"abcdefghijklmnopqrstuvwxyz") 
.................... #define isupper(x)  isamong(x,"ABCDEFGHIJKLMNOPQRSTUVWXYZ") 
.................... #define isalnum(x)  isamong(x,"0123456789ABCDEFGHIJKLMNOPQRSTUVWXYZabcdefghijklmnopqrstuvwxyz") 
.................... #define isalpha(x)  isamong(x,"ABCDEFGHIJKLMNOPQRSTUVWXYZabcdefghijklmnopqrstuvwxyz") 
.................... #define isdigit(x)  isamong(x,"0123456789") 
.................... #define isspace(x)  ((x)==' ') 
.................... #define isxdigit(x) isamong(x,"0123456789ABCDEFabcdef") 
.................... #define iscntrl(x)  ((x)<' ') 
.................... #define isprint(x)  ((x)>=' ') 
.................... #define isgraph(x)  ((x)>' ') 
.................... #define ispunct(x)  (((x)>' ')&&!isalnum(x)) 
....................  
.................... #endif 
....................  
....................  
....................  
....................  
....................  
.................... ////////////////////////////////////////////// 
.................... //// Uncomment the following define to    //// 
.................... //// allow some functions to use a        //// 
.................... //// quicker algorithm, but use more ROM  //// 
.................... ////                                      //// 
.................... //// #define FASTER_BUT_MORE_ROM          //// 
.................... ////////////////////////////////////////////// 
....................  
....................  
....................  
.................... /*Copying functions*/ 
.................... /* standard template: 
....................    void *memmove(void *s1, void *s2, size_t n). 
....................    Copies max of n characters safely (not following ending '\0') 
....................    from s2 in s1; if s2 has less than n characters, appends 0 */ 
....................  
.................... unsigned char *memmove(void *s1,void *s2,size_t n) 
.................... { 
....................    unsigned char *sc1; 
....................    unsigned char *sc2; 
....................    sc1=s1; 
....................    sc2=s2; 
....................    if(sc2<sc1 && sc1 <sc2 +n) 
....................       for(sc1+=n,sc2+=n;0<n;--n) 
....................          *--sc1=*--sc2; 
....................    else 
....................       for(;0<n;--n) 
....................          *sc1++=*sc2++; 
....................   return s1; 
....................   } 
....................  
.................... /* Standard template: char *strcpy(char *s1, const char *s2) 
....................    copies the string s2 including the null character to s1. 
....................    This is a compiler built in to handle the different address 
....................    spaces */ 
....................  
.................... #define strcopy strcpy 
....................  
.................... /* standard template: 
....................    char *strncpy(char *s1, const char *s2, size_t n). 
....................    Copies max of n characters (not following ending '\0') 
....................    from s2 in s1; if s2 has less than n characters, appends 0 */ 
....................  
.................... unsigned char *strncpy(unsigned char *s1, unsigned char *s2, size_t n) 
.................... { 
....................   unsigned char *s; 
....................  
....................   for (s = s1; n > 0 && *s2 != '\0'; n--) 
....................      *s++ = *s2++; 
....................   for (; n > 0; n--) 
....................      *s++ = '\0'; 
....................  
....................   return(s1); 
.................... } 
.................... /***********************************************************/ 
....................  
.................... /*concatenation functions*/ 
.................... /* standard template: char *strcat(char *s1, const char *s2) 
.................... appends s2 to s1*/ 
....................  
.................... unsigned char *strcat(unsigned char *s1, unsigned char *s2) 
.................... { 
....................    unsigned char *s; 
....................  
....................    for (s = s1; *s != '\0'; ++s); 
....................    while(*s2 != '\0') 
....................    { 
....................       *s = *s2; 
....................       ++s; 
....................       ++s2; 
....................    } 
....................  
....................    *s = '\0'; 
....................    return(s1); 
.................... } 
.................... /* standard template: char *strncat(char *s1, char *s2,size_t n) 
.................... appends not more than n characters from s2 to s1*/ 
....................  
.................... unsigned char *strncat(unsigned char *s1, unsigned char *s2, size_t n) 
.................... { 
....................    unsigned char *s; 
....................  
....................    for (s = s1; *s != '\0'; ++s); 
....................    while(*s2 != '\0' && 0<n) 
....................    { 
....................       *s = *s2; 
....................       ++s; 
....................       ++s2; 
....................       --n; 
....................    } 
....................  
....................    *s = '\0'; 
....................    return(s1); 
.................... } 
....................  
.................... /***********************************************************/ 
....................  
....................  
.................... /*comparison functions*/ 
.................... /* standard template: signed int memcmp(void *s1, void *s2). 
....................    Compares s1 & s2; returns -1 if s1<s2, 0 if s1=s2, 1 if s1>s2 */ 
....................  
.................... signed int8 memcmp(void * s1,void *s2,size_t n) 
.................... { 
.................... unsigned char *su1, *su2; 
.................... for(su1=s1, su2=s2; 0<n; ++su1, ++su2, --n) 
.................... { 
....................    if(*su1!=*su2) 
....................       return ((*su1<*su2)?-1:1); 
.................... } 
.................... return 0; 
.................... } 
....................  
.................... /* standard template: int strcmp(const char *s1, const char *s2). 
....................    Compares s1 & s2; returns -1 if s1<s2, 0 if s1=s2, 1 if s1>s2 */ 
....................  
.................... signed int8 strcmp(unsigned char *s1, unsigned char *s2) 
.................... { 
....................    for (; *s1 == *s2; s1++, s2++) 
....................       if (*s1 == '\0') 
....................          return(0); 
....................    return((*s1 < *s2) ? -1: 1); 
.................... } 
.................... /* standard template: int strcoll(const char *s1, const char *s2). 
....................    Compares s1 & s2; returns -1 if s1<s2, 0 if s1=s2, 1 if s1>s2 */ 
....................  
.................... signed int8 strcoll(unsigned char *s1, unsigned char *s2) 
.................... { 
....................    for (; *s1 == *s2; s1++, s2++) 
....................       if (*s1 == '\0') 
....................          return(0); 
....................    return((*s1 < *s2) ? -1: 1); 
.................... } 
....................  
.................... /* standard template: 
....................    int strncmp(const char *s1, const char *s2, size_t n). 
....................    Compares max of n characters (not following 0) from s1 to s2; 
....................    returns same as strcmp */ 
....................  
.................... signed int8 strncmp(unsigned char *s1, unsigned char *s2, size_t n) 
.................... { 
....................    for (; n > 0; s1++, s2++, n--) 
....................       if (*s1 != *s2) 
....................          return((*s1 <*s2) ? -1: 1); 
....................       else if (*s1 == '\0') 
....................          return(0); 
....................    return(0); 
.................... } 
.................... /* standard template: 
....................    int strxfrm(const char *s1, const char *s2, size_t n). 
....................    transforms maximum of n characters from s2 and places them into s1*/ 
.................... size_t strxfrm(unsigned char *s1, unsigned char *s2, size_t n) 
.................... { 
....................   unsigned char *s; 
....................   unsigned int8 n1; 
....................   n1=n; 
....................   for (s = s1; n > 0 && *s2 != '\0'; n--) 
....................      *s++ = *s2++; 
....................   for (; n > 0; n--) 
....................      *s++ = '\0'; 
....................  
....................   return(n1); 
.................... } 
....................  
....................  
....................  
....................  
....................  
.................... /***********************************************************/ 
.................... /*Search functions*/ 
.................... /* standard template: void *memchr(const char *s, int c). 
....................    Finds first occurrence of c in n characters of s */ 
....................  
.................... unsigned char *memchr(void *s,unsigned int8 c,size_t n) 
.................... { 
....................    unsigned char uc; 
....................    unsigned char *su; 
....................    uc=c; 
....................    for(su=s;0<n;++su,--n) 
....................       if(*su==uc) 
....................       return su; 
....................    return NULL; 
.................... } 
....................  
.................... /* standard template: char *strchr(const char *s, int c). 
....................    Finds first occurrence of c in s */ 
....................  
.................... unsigned char *strchr(unsigned char *s, unsigned int8 c) 
.................... { 
....................    for (; *s != c; s++) 
....................       if (*s == '\0') 
....................          return(0); 
....................    return(s); 
.................... } 
.................... /* standard template: 
....................    size_t strcspn(const char *s1, const char *s2). 
....................    Computes length of max initial segment of s1 that 
....................    consists entirely of characters NOT from s2*/ 
....................  
.................... unsigned int8  strcspn(unsigned char *s1, unsigned char *s2) 
.................... { 
....................    unsigned char *sc1, *sc2; 
....................  
....................    for (sc1 = s1; *sc1 != 0; sc1++) 
....................       for (sc2 = s2; *sc2 != 0; sc2++) 
....................          if (*sc1 == *sc2) 
....................             return(sc1 - s1); 
....................    return(sc1 - s1); 
.................... } 
.................... /* standard template: 
....................    char *strpbrk(const char *s1, const char *s2). 
....................    Locates first occurence of any character from s2 in s1; 
....................    returns s1 if s2 is empty string */ 
....................  
.................... unsigned char *strpbrk(unsigned char *s1, unsigned char *s2) 
.................... { 
....................    unsigned char *sc1, *sc2; 
....................  
....................    for (sc1 = s1; *sc1 != 0; sc1++) 
....................       for (sc2 = s2; *sc2 != 0; sc2++) 
....................          if (*sc1 == *sc2) 
....................             return(sc1); 
....................    return(0); 
.................... } 
....................  
....................  
.................... /* standard template: char *strrchr(const char *s, int c). 
....................    Finds last occurrence of c in s */ 
....................  
.................... unsigned char *strrchr(unsigned char *s, unsigned int8 c) 
.................... { 
....................    unsigned char *p; 
....................  
....................    for (p = 0; ; s++) 
....................    { 
....................       if (*s == c) 
....................          p = s; 
....................       if (*s == '\0') 
....................          return(p); 
....................    } 
.................... } 
.................... /* computes length of max initial segment of s1 consisting 
....................    entirely of characters from s2 */ 
....................  
.................... unsigned int8  strspn(unsigned char *s1, unsigned char *s2) 
.................... { 
....................    unsigned char *sc1, *sc2; 
....................  
....................    for (sc1 = s1; *sc1 != 0; sc1++) 
....................       for (sc2 = s2; ; sc2++) 
....................     if (*sc2 == '\0') 
....................        return(sc1 - s1); 
....................          else if (*sc1 == *sc2) 
....................             break; 
....................    return(sc1 - s1); 
.................... } 
.................... /* standard template: 
....................    char *strstr(const char *s1, const char *s2); 
....................    Locates first occurence of character sequence s2 in s1; 
....................    returns 0 if s2 is empty string 
....................  
....................    Uncomment #define FASTER_BUT_MORE_ROM at the top of the 
....................    file to use the faster algorithm */ 
.................... unsigned char *strstr(unsigned char *s1, unsigned char *s2) 
.................... { 
....................    unsigned char *s, *t; 
....................  
....................    #ifdef FASTER_BUT_MORE_ROM 
....................    if (*s2 == '\0') 
....................          return(s1); 
....................    #endif 
....................  
....................    while (*s1) 
....................    { 
....................       for(s = s1, t = s2; *t && (*s == *t); ++s, ++t); 
....................  
....................       if (*t == '\0') 
....................          return s1; 
....................       ++s1; 
....................       #ifdef FASTER_BUT_MORE_ROM 
....................          while(*s1 != '\0' && *s1 != *s2) 
....................             ++s1; 
....................       #endif 
....................    } 
....................    return 0; 
.................... } 
....................  
.................... /* standard template: char *strtok(char *s1, const char *s2). 
....................  
....................    Finds next token in s1 delimited by a character from separator 
....................    string s2 (which can be different from call to call).  First call 
....................    starts at beginning of s1 searching for first character NOT 
....................    contained in s2; returns 0 if none is found. 
....................    If one is found, it is the start of first token (return value). 
....................    Function then searches from there for a character contained in s2. 
....................    If none is found, current token extends to end of s1, and subsequent 
....................    searches for a token will return 0.  If one is found, it is 
....................    overwritten by '\0', which terminates current token.  Function saves 
....................    pointer to following character from which next search will start. 
....................    Each subsequent call, with 0 as first argument, starts searching 
....................    from saved pointer */ 
....................  
.................... unsigned char *strtok(unsigned char *s1, unsigned char *s2) 
.................... { 
....................    unsigned char *beg, *end; 
....................    static char *save; 
*
011D:  BCF    03.5
011E:  CLRF   20
011F:  CLRF   21
....................  
....................    beg = (s1)? s1: save; 
....................    beg += strspn(beg, s2); 
....................    if (*beg == '\0') 
....................    { 
....................       *save = ' '; 
....................       return(0); 
....................    } 
....................    end = strpbrk(beg, s2); 
....................    if (*end != '\0') 
....................    { 
....................       *end = '\0'; 
....................       end++; 
....................    } 
....................    save = end; 
....................    return(beg); 
.................... } 
....................  
.................... /*****************************************************************/ 
.................... /*Miscellaneous functions*/ 
.................... /* standard template 
.................... maps error number in errnum to an error message string 
.................... Returns: Pointer to string 
.................... */ 
.................... #ifdef _ERRNO 
.................... unsigned char * strerror(unsigned int8 errnum) 
.................... { 
.................... static unsigned char s[13]; 
.................... switch( errnum) 
.................... { 
.................... case 0: 
....................    strcpy(s,"no errors"); 
....................    return s; 
.................... case EDOM : 
....................    strcpy(s,"domain error"); 
....................    return s; 
.................... case ERANGE: 
....................    strcpy(s,"range error"); 
....................    return s; 
.................... } 
.................... } 
.................... #ENDIF 
.................... /* standard template: size_t strlen(const char *s). 
....................    Computes length of s1 (preceding terminating 0) */ 
....................  
.................... unsigned int8 strlen(unsigned char *s) 
.................... { 
....................    unsigned char *sc; 
....................  
....................    for (sc = s; *sc != 0; sc++); 
....................    return(sc - s); 
.................... } 
....................  
.................... /* standard template: size_t stricmp(const char *s1, const char *s2). 
....................    Compares s1 to s2 ignoring case (upper vs. lower) */ 
....................  
.................... signed int8 stricmp(unsigned char *s1, unsigned char *s2) 
.................... { 
....................  for(; *s1==*s2||(isalpha(*s1)&&isalpha(*s2)&&(*s1==*s2+32||*s2==*s1+32)); 
....................     s1++, s2++) 
....................     if (*s1 == '\0') 
....................        return(0); 
....................  return((*s1 < *s2) ? -1: 1); 
.................... } 
....................  
....................  
.................... /* standard template: char *strlwr(char *s). 
....................    Replaces uppercase letters by lowercase; 
....................    returns pointer to new string s */ 
....................  
.................... unsigned char *strlwr(unsigned char *s) 
.................... { 
....................    unsigned char *p; 
....................  
....................    for (p = s; *p != '\0'; p++) 
....................       if (*p >= 'A' && *p <='Z') 
....................          *p += 'a' - 'A'; 
....................    return(s); 
.................... } 
....................  
.................... /* standard template: char *strupr(char *s). 
....................    Replaces lowercase letters by upercase; 
....................    returns pointer to new string s */ 
....................  
.................... unsigned char *strupr(unsigned char *s) 
.................... { 
....................    unsigned char *p; 
....................  
....................    for (p = s; *p != '\0'; p++) 
....................       if (*p >= 'a' && *p <='z') 
....................          *p -= 'a' - 'A'; 
....................    return(s); 
.................... } 
....................  
....................  
.................... /************************************************************/ 
....................  
....................  
.................... #endif 
....................  
.................... #fuses HS,NOWDT,NOPROTECT,NOLVP 
.................... #use delay(clock=4M) 
*
0004:  MOVLW  2C
0005:  MOVWF  04
0006:  BCF    03.7
0007:  MOVF   00,W
0008:  BTFSC  03.2
0009:  GOTO   018
000A:  MOVLW  01
000B:  MOVWF  78
000C:  CLRF   77
000D:  DECFSZ 77,F
000E:  GOTO   00D
000F:  DECFSZ 78,F
0010:  GOTO   00C
0011:  MOVLW  4A
0012:  MOVWF  77
0013:  DECFSZ 77,F
0014:  GOTO   013
0015:  GOTO   016
0016:  DECFSZ 00,F
0017:  GOTO   00A
0018:  RETURN
.................... #include <lcd.c>   // incluímos la librería para la lcd 
.................... /////////////////////////////////////////////////////////////////////////////// 
.................... ////                             LCD.C                                     //// 
.................... ////                 Driver for common LCD modules                         //// 
.................... ////                                                                       //// 
.................... ////  lcd_init()   Must be called before any other function.               //// 
.................... ////                                                                       //// 
.................... ////  lcd_putc(c)  Will display c on the next position of the LCD.         //// 
.................... ////                 \a  Set cursor position to upper left                 //// 
.................... ////                 \f  Clear display, set cursor to upper left           //// 
.................... ////                 \n  Go to start of second line                        //// 
.................... ////                 \b  Move back one position                            //// 
.................... ////              If LCD_EXTENDED_NEWLINE is defined, the \n character     //// 
.................... ////              will erase all remanining characters on the current      //// 
.................... ////              line, and move the cursor to the beginning of the next   //// 
.................... ////              line.                                                    //// 
.................... ////              If LCD_EXTENDED_NEWLINE is defined, the \r character     //// 
.................... ////              will move the cursor to the start of the current         //// 
.................... ////              line.                                                    //// 
.................... ////                                                                       //// 
.................... ////  lcd_gotoxy(x,y) Set write position on LCD (upper left is 1,1)        //// 
.................... ////                                                                       //// 
.................... ////  lcd_getc(x,y)   Returns character at position x,y on LCD             //// 
.................... ////                                                                       //// 
.................... ////  lcd_cursor_on(int1 on)   Turn the cursor on (on=TRUE) or off         //// 
.................... ////              (on=FALSE).                                              //// 
.................... ////                                                                       //// 
.................... ////  lcd_set_cgram_char(w, *p)   Write a custom character to the CGRAM.   //// 
.................... ////                                                                       //// 
.................... ////                                                                       //// 
.................... ////  CONFIGURATION                                                        //// 
.................... ////  The LCD can be configured in one of two ways: a.) port access or     //// 
.................... ////  b.) pin access.  Port access requires the entire 7 bit interface     //// 
.................... ////  connected to one GPIO port, and the data bits (D4:D7 of the LCD)     //// 
.................... ////  connected to sequential pins on the GPIO.  Pin access                //// 
.................... ////  has no requirements, all 7 bits of the control interface can         //// 
.................... ////  can be connected to any GPIO using several ports.                    //// 
.................... ////                                                                       //// 
.................... ////  To use port access, #define LCD_DATA_PORT to the SFR location of     //// 
.................... ////  of the GPIO port that holds the interface, -AND- edit LCD_PIN_MAP    //// 
.................... ////  of this file to configure the pin order.  If you are using a         //// 
.................... ////  baseline PIC (PCB), then LCD_OUTPUT_MAP and LCD_INPUT_MAP also must  //// 
.................... ////  be defined.                                                          //// 
.................... ////                                                                       //// 
.................... ////  Example of port access:                                              //// 
.................... ////     #define LCD_DATA_PORT getenv("SFR:PORTD")                         //// 
.................... ////                                                                       //// 
.................... ////  To use pin access, the following pins must be defined:               //// 
.................... ////     LCD_ENABLE_PIN                                                    //// 
.................... ////     LCD_RS_PIN                                                        //// 
.................... ////     LCD_RW_PIN                                                        //// 
.................... ////     LCD_DATA4                                                         //// 
.................... ////     LCD_DATA5                                                         //// 
.................... ////     LCD_DATA6                                                         //// 
.................... ////     LCD_DATA7                                                         //// 
.................... ////                                                                       //// 
.................... ////  Example of pin access:                                               //// 
.................... ////     #define LCD_ENABLE_PIN  PIN_E0                                    //// 
.................... ////     #define LCD_RS_PIN      PIN_E1                                    //// 
.................... ////     #define LCD_RW_PIN      PIN_E2                                    //// 
.................... ////     #define LCD_DATA4       PIN_D4                                    //// 
.................... ////     #define LCD_DATA5       PIN_D5                                    //// 
.................... ////     #define LCD_DATA6       PIN_D6                                    //// 
.................... ////     #define LCD_DATA7       PIN_D7                                    //// 
.................... ////                                                                       //// 
.................... /////////////////////////////////////////////////////////////////////////////// 
.................... ////        (C) Copyright 1996,2010 Custom Computer Services           //// 
.................... //// This source code may only be used by licensed users of the CCS C  //// 
.................... //// compiler.  This source code may only be distributed to other      //// 
.................... //// licensed users of the CCS C compiler.  No other use, reproduction //// 
.................... //// or distribution is permitted without written permission.          //// 
.................... //// Derivative programs created using this software in object code    //// 
.................... //// form are not restricted in any way.                               //// 
.................... /////////////////////////////////////////////////////////////////////////// 
....................  
.................... #ifndef __LCD_C__ 
.................... #define __LCD_C__ 
....................  
.................... // define the pinout. 
.................... // only required if port access is being used. 
.................... typedef struct   
.................... {                            // This structure is overlayed 
....................    int1 enable;           // on to an I/O port to gain 
....................    int1 rs;               // access to the LCD pins. 
....................    int1 rw;               // The bits are allocated from 
....................    int1 unused;           // low order up.  ENABLE will 
....................    unsigned int     data : 4;         // be LSB pin of that port. 
....................   #if defined(__PCD__)       // The port used will be LCD_DATA_PORT. 
....................    unsigned int    reserved: 8; 
....................   #endif 
.................... } LCD_PIN_MAP; 
....................  
.................... // this is to improve compatability with previous LCD drivers that accepted 
.................... // a define labeled 'use_portb_lcd' that configured the LCD onto port B. 
.................... #if ((defined(use_portb_lcd)) && (use_portb_lcd==TRUE)) 
....................  #define LCD_DATA_PORT getenv("SFR:PORTB") 
.................... #endif 
....................  
.................... #if defined(__PCB__) 
....................    // these definitions only need to be modified for baseline PICs. 
....................    // all other PICs use LCD_PIN_MAP or individual LCD_xxx pin definitions. 
.................... /*                                    EN, RS,   RW,   UNUSED,  DATA  */ 
....................  const LCD_PIN_MAP LCD_OUTPUT_MAP =  {0,  0,    0,    0,       0}; 
....................  const LCD_PIN_MAP LCD_INPUT_MAP =   {0,  0,    0,    0,       0xF}; 
.................... #endif 
....................  
.................... ////////////////////// END CONFIGURATION /////////////////////////////////// 
....................  
.................... #ifndef LCD_ENABLE_PIN 
....................    #define lcd_output_enable(x) lcdlat.enable=x 
....................    #define lcd_enable_tris()   lcdtris.enable=0 
.................... #else 
....................    #define lcd_output_enable(x) output_bit(LCD_ENABLE_PIN, x) 
....................    #define lcd_enable_tris()  output_drive(LCD_ENABLE_PIN) 
.................... #endif 
....................  
.................... #ifndef LCD_RS_PIN 
....................    #define lcd_output_rs(x) lcdlat.rs=x 
....................    #define lcd_rs_tris()   lcdtris.rs=0 
.................... #else 
....................    #define lcd_output_rs(x) output_bit(LCD_RS_PIN, x) 
....................    #define lcd_rs_tris()  output_drive(LCD_RS_PIN) 
.................... #endif 
....................  
.................... #ifndef LCD_RW_PIN 
....................    #define lcd_output_rw(x) lcdlat.rw=x 
....................    #define lcd_rw_tris()   lcdtris.rw=0 
.................... #else 
....................    #define lcd_output_rw(x) output_bit(LCD_RW_PIN, x) 
....................    #define lcd_rw_tris()  output_drive(LCD_RW_PIN) 
.................... #endif 
....................  
.................... // original version of this library incorrectly labeled LCD_DATA0 as LCD_DATA4, 
.................... // LCD_DATA1 as LCD_DATA5, and so on.  this block of code makes the driver 
.................... // compatible with any code written for the original library 
.................... #if (defined(LCD_DATA0) && defined(LCD_DATA1) && defined(LCD_DATA2) && defined(LCD_DATA3) && !defined(LCD_DATA4) && !defined(LCD_DATA5) && !defined(LCD_DATA6) && !defined(LCD_DATA7)) 
....................    #define  LCD_DATA4    LCD_DATA0 
....................    #define  LCD_DATA5    LCD_DATA1 
....................    #define  LCD_DATA6    LCD_DATA2 
....................    #define  LCD_DATA7    LCD_DATA3 
.................... #endif 
....................  
.................... #ifndef LCD_DATA4 
.................... #ifndef LCD_DATA_PORT 
....................    #if defined(__PCB__) 
....................       #define LCD_DATA_PORT      0x06     //portb 
....................       #define set_tris_lcd(x)   set_tris_b(x) 
....................    #else 
....................      #if defined(PIN_D0) 
....................       #define LCD_DATA_PORT      getenv("SFR:PORTD")     //portd 
....................      #else 
....................       #define LCD_DATA_PORT      getenv("SFR:PORTB")     //portb 
....................      #endif 
....................    #endif    
.................... #endif 
....................  
.................... #if defined(__PCB__) 
....................    LCD_PIN_MAP lcd, lcdlat; 
....................    #byte lcd = LCD_DATA_PORT 
....................    #byte lcdlat = LCD_DATA_PORT 
.................... #elif defined(__PCM__) 
....................    LCD_PIN_MAP lcd, lcdlat, lcdtris; 
....................    #byte lcd = LCD_DATA_PORT 
....................    #byte lcdlat = LCD_DATA_PORT 
....................    #byte lcdtris = LCD_DATA_PORT+0x80 
.................... #elif defined(__PCH__) 
....................    LCD_PIN_MAP lcd, lcdlat, lcdtris; 
....................    #byte lcd = LCD_DATA_PORT 
....................    #byte lcdlat = LCD_DATA_PORT+9 
....................    #byte lcdtris = LCD_DATA_PORT+0x12 
.................... #elif defined(__PCD__) 
....................    LCD_PIN_MAP lcd, lcdlat, lcdtris; 
....................    #word lcd = LCD_DATA_PORT 
....................    #word lcdlat = LCD_DATA_PORT+2 
....................    #word lcdtris = LCD_DATA_PORT-0x02 
.................... #endif 
.................... #endif   //LCD_DATA4 not defined 
....................  
.................... #ifndef LCD_TYPE 
....................    #define LCD_TYPE 2           // 0=5x7, 1=5x10, 2=2 lines 
.................... #endif 
....................  
.................... #ifndef LCD_LINE_TWO 
....................    #define LCD_LINE_TWO 0x40    // LCD RAM address for the second line 
.................... #endif 
....................  
.................... #ifndef LCD_LINE_LENGTH 
....................    #define LCD_LINE_LENGTH 20 
.................... #endif 
....................  
.................... unsigned int8 lcd_read_nibble(void); 
....................  
.................... unsigned int8 lcd_read_byte(void) 
.................... { 
....................    unsigned int8 low,high; 
....................  
....................  #if defined(__PCB__) 
....................    set_tris_lcd(LCD_INPUT_MAP); 
....................  #else 
....................   #if (defined(LCD_DATA4) && defined(LCD_DATA5) && defined(LCD_DATA6) && defined(LCD_DATA7)) 
....................    output_float(LCD_DATA4); 
....................    output_float(LCD_DATA5); 
....................    output_float(LCD_DATA6); 
....................    output_float(LCD_DATA7); 
....................   #else 
....................    lcdtris.data = 0xF; 
*
0031:  MOVLW  0F
0032:  BSF    03.5
0033:  ANDWF  08,W
0034:  IORLW  F0
0035:  MOVWF  08
....................   #endif 
....................  #endif 
....................          
....................    lcd_output_rw(1); 
0036:  BCF    03.5
0037:  BSF    08.2
....................    delay_cycles(1); 
0038:  NOP
....................    lcd_output_enable(1); 
0039:  BSF    08.0
....................    delay_cycles(1); 
003A:  NOP
....................    high = lcd_read_nibble(); 
003B:  CALL   025
003C:  MOVF   78,W
003D:  MOVWF  30
....................        
....................    lcd_output_enable(0); 
003E:  BCF    08.0
....................    delay_cycles(1); 
003F:  NOP
....................    lcd_output_enable(1); 
0040:  BSF    08.0
....................    delay_us(1); 
0041:  NOP
....................    low = lcd_read_nibble(); 
0042:  CALL   025
0043:  MOVF   78,W
0044:  MOVWF  2F
....................        
....................    lcd_output_enable(0); 
0045:  BCF    08.0
....................  
....................  #if defined(__PCB__) 
....................    set_tris_lcd(LCD_OUTPUT_MAP); 
....................  #else 
....................   #if (defined(LCD_DATA4) && defined(LCD_DATA5) && defined(LCD_DATA6) && defined(LCD_DATA7)) 
....................    output_drive(LCD_DATA4); 
....................    output_drive(LCD_DATA5); 
....................    output_drive(LCD_DATA6); 
....................    output_drive(LCD_DATA7); 
....................   #else 
....................    lcdtris.data = 0x0; 
0046:  MOVLW  0F
0047:  BSF    03.5
0048:  ANDWF  08,W
0049:  MOVWF  08
....................   #endif 
....................  #endif 
....................  
....................    return( (high<<4) | low); 
004A:  BCF    03.5
004B:  SWAPF  30,W
004C:  MOVWF  77
004D:  MOVLW  F0
004E:  ANDWF  77,F
004F:  MOVF   77,W
0050:  IORWF  2F,W
0051:  MOVWF  78
.................... } 
....................  
.................... unsigned int8 lcd_read_nibble(void) 
.................... { 
....................   #if (defined(LCD_DATA4) && defined(LCD_DATA5) && defined(LCD_DATA6) && defined(LCD_DATA7)) 
....................    unsigned int8 n = 0x00; 
....................  
....................    /* Read the data port */ 
....................    n |= input(LCD_DATA4); 
....................    n |= input(LCD_DATA5) << 1; 
....................    n |= input(LCD_DATA6) << 2; 
....................    n |= input(LCD_DATA7) << 3; 
....................     
....................    return(n); 
....................   #else 
....................    return(lcd.data); 
*
0025:  MOVF   08,W
0026:  MOVWF  77
0027:  SWAPF  08,W
0028:  ANDLW  0F
0029:  MOVWF  78
....................   #endif 
002A:  RETURN
.................... } 
....................  
.................... void lcd_send_nibble(unsigned int8 n) 
.................... { 
....................   #if (defined(LCD_DATA4) && defined(LCD_DATA5) && defined(LCD_DATA6) && defined(LCD_DATA7)) 
....................    /* Write to the data port */ 
....................    output_bit(LCD_DATA4, bit_test(n, 0)); 
....................    output_bit(LCD_DATA5, bit_test(n, 1)); 
....................    output_bit(LCD_DATA6, bit_test(n, 2)); 
....................    output_bit(LCD_DATA7, bit_test(n, 3)); 
....................   #else       
....................    lcdlat.data = n; 
*
0019:  SWAPF  30,W
001A:  ANDLW  F0
001B:  MOVWF  77
001C:  MOVLW  0F
001D:  ANDWF  08,W
001E:  IORWF  77,W
001F:  MOVWF  08
....................   #endif 
....................        
....................    delay_cycles(1); 
0020:  NOP
....................    lcd_output_enable(1); 
0021:  BSF    08.0
....................    delay_us(2); 
0022:  GOTO   023
....................    lcd_output_enable(0); 
0023:  BCF    08.0
0024:  RETURN
.................... } 
....................  
.................... void lcd_send_byte(unsigned int8 address, unsigned int8 n) 
.................... { 
....................   #if defined(__PCB__) 
....................    set_tris_lcd(LCD_OUTPUT_MAP); 
....................   #else 
....................    lcd_enable_tris(); 
*
002B:  BSF    03.5
002C:  BCF    08.0
....................    lcd_rs_tris(); 
002D:  BCF    08.1
....................    lcd_rw_tris(); 
002E:  BCF    08.2
....................   #endif 
....................  
....................    lcd_output_rs(0); 
002F:  BCF    03.5
0030:  BCF    08.1
....................    while ( bit_test(lcd_read_byte(),7) ) ; 
*
0052:  MOVF   78,W
0053:  MOVWF  2F
0054:  BTFSC  2F.7
0055:  GOTO   031
....................    lcd_output_rs(address); 
0056:  BTFSS  2D.0
0057:  BCF    08.1
0058:  BTFSC  2D.0
0059:  BSF    08.1
....................    delay_cycles(1); 
005A:  NOP
....................    lcd_output_rw(0); 
005B:  BCF    08.2
....................    delay_cycles(1); 
005C:  NOP
....................    lcd_output_enable(0); 
005D:  BCF    08.0
....................    lcd_send_nibble(n >> 4); 
005E:  SWAPF  2E,W
005F:  MOVWF  2F
0060:  MOVLW  0F
0061:  ANDWF  2F,F
0062:  MOVF   2F,W
0063:  MOVWF  30
0064:  CALL   019
....................    lcd_send_nibble(n & 0xf); 
0065:  MOVF   2E,W
0066:  ANDLW  0F
0067:  MOVWF  2F
0068:  MOVWF  30
0069:  CALL   019
006A:  RETURN
.................... } 
....................  
.................... #if defined(LCD_EXTENDED_NEWLINE) 
.................... unsigned int8 g_LcdX, g_LcdY; 
.................... #endif 
....................  
.................... void lcd_init(void)  
.................... { 
....................    unsigned int8 i; 
....................    unsigned int8 LCD_INIT_STRING[4] = {0x20 | (LCD_TYPE << 2), 0xc, 1, 6}; 
006B:  MOVLW  28
006C:  MOVWF  28
006D:  MOVLW  0C
006E:  MOVWF  29
006F:  MOVLW  01
0070:  MOVWF  2A
0071:  MOVLW  06
0072:  MOVWF  2B
....................                              // These bytes need to be sent to the LCD 
....................                              // to start it up. 
....................     
....................  
....................    lcd_output_enable(0); 
0073:  BCF    08.0
....................    lcd_output_rs(0); 
0074:  BCF    08.1
....................    lcd_output_rw(0); 
0075:  BCF    08.2
....................  
....................  #if defined(__PCB__) 
....................    set_tris_lcd(LCD_OUTPUT_MAP); 
....................  #else 
....................   #if (defined(LCD_DATA4) && defined(LCD_DATA5) && defined(LCD_DATA6) && defined(LCD_DATA7)) 
....................    output_drive(LCD_DATA4); 
....................    output_drive(LCD_DATA5); 
....................    output_drive(LCD_DATA6); 
....................    output_drive(LCD_DATA7); 
....................   #else 
....................    lcdtris.data = 0x0; 
0076:  MOVLW  0F
0077:  BSF    03.5
0078:  ANDWF  08,W
0079:  MOVWF  08
....................   #endif 
....................    lcd_enable_tris(); 
007A:  BCF    08.0
....................    lcd_rs_tris(); 
007B:  BCF    08.1
....................    lcd_rw_tris(); 
007C:  BCF    08.2
....................  #endif 
....................      
....................    delay_ms(15); 
007D:  MOVLW  0F
007E:  BCF    03.5
007F:  MOVWF  2C
0080:  CALL   004
....................    for(i=1;i<=3;++i) 
0081:  MOVLW  01
0082:  MOVWF  27
0083:  MOVF   27,W
0084:  SUBLW  03
0085:  BTFSS  03.0
0086:  GOTO   08F
....................    { 
....................        lcd_send_nibble(3); 
0087:  MOVLW  03
0088:  MOVWF  30
0089:  CALL   019
....................        delay_ms(5); 
008A:  MOVLW  05
008B:  MOVWF  2C
008C:  CALL   004
008D:  INCF   27,F
008E:  GOTO   083
....................    } 
....................     
....................    lcd_send_nibble(2); 
008F:  MOVLW  02
0090:  MOVWF  30
0091:  CALL   019
....................    delay_ms(5); 
0092:  MOVLW  05
0093:  MOVWF  2C
0094:  CALL   004
....................    for(i=0;i<=3;++i) 
0095:  CLRF   27
0096:  MOVF   27,W
0097:  SUBLW  03
0098:  BTFSS  03.0
0099:  GOTO   0A6
....................       lcd_send_byte(0,LCD_INIT_STRING[i]); 
009A:  MOVLW  28
009B:  ADDWF  27,W
009C:  MOVWF  04
009D:  BCF    03.7
009E:  MOVF   00,W
009F:  MOVWF  2C
00A0:  CLRF   2D
00A1:  MOVF   2C,W
00A2:  MOVWF  2E
00A3:  CALL   02B
....................  
....................   #if defined(LCD_EXTENDED_NEWLINE) 
00A4:  INCF   27,F
00A5:  GOTO   096
00A6:  BCF    0A.3
00A7:  BCF    0A.4
00A8:  GOTO   121 (RETURN)
....................    g_LcdX = 0; 
....................    g_LcdY = 0; 
....................   #endif 
.................... } 
....................  
.................... void lcd_gotoxy(unsigned int8 x, unsigned int8 y) 
.................... { 
....................    unsigned int8 address; 
....................     
....................    if(y!=1) 
00A9:  DECFSZ 2A,W
00AA:  GOTO   0AC
00AB:  GOTO   0AF
....................       address=LCD_LINE_TWO; 
00AC:  MOVLW  40
00AD:  MOVWF  2B
00AE:  GOTO   0B0
....................    else 
....................       address=0; 
00AF:  CLRF   2B
....................       
....................    address+=x-1; 
00B0:  MOVLW  01
00B1:  SUBWF  29,W
00B2:  ADDWF  2B,F
....................    lcd_send_byte(0,0x80|address); 
00B3:  MOVF   2B,W
00B4:  IORLW  80
00B5:  MOVWF  2C
00B6:  CLRF   2D
00B7:  MOVF   2C,W
00B8:  MOVWF  2E
00B9:  CALL   02B
....................  
....................   #if defined(LCD_EXTENDED_NEWLINE) 
00BA:  RETURN
....................    g_LcdX = x - 1; 
....................    g_LcdY = y - 1; 
....................   #endif 
.................... } 
....................  
.................... void lcd_putc(char c) 
.................... { 
....................    switch (c) 
*
00DC:  MOVF   28,W
00DD:  XORLW  07
00DE:  BTFSC  03.2
00DF:  GOTO   0EA
00E0:  XORLW  0B
00E1:  BTFSC  03.2
00E2:  GOTO   0EF
00E3:  XORLW  06
00E4:  BTFSC  03.2
00E5:  GOTO   0F7
00E6:  XORLW  02
00E7:  BTFSC  03.2
00E8:  GOTO   0FD
00E9:  GOTO   102
....................    { 
....................       case '\a'   :  lcd_gotoxy(1,1);     break; 
00EA:  MOVLW  01
00EB:  MOVWF  29
00EC:  MOVWF  2A
00ED:  CALL   0A9
00EE:  GOTO   107
....................  
....................       case '\f'   :  lcd_send_byte(0,1); 
00EF:  CLRF   2D
00F0:  MOVLW  01
00F1:  MOVWF  2E
00F2:  CALL   02B
....................                      delay_ms(2); 
00F3:  MOVLW  02
00F4:  MOVWF  2C
00F5:  CALL   004
....................                     #if defined(LCD_EXTENDED_NEWLINE) 
....................                      g_LcdX = 0; 
....................                      g_LcdY = 0; 
....................                     #endif 
....................                      break; 
00F6:  GOTO   107
....................  
....................      #if defined(LCD_EXTENDED_NEWLINE) 
....................       case '\r'   :  lcd_gotoxy(1, g_LcdY+1);   break; 
....................       case '\n'   : 
....................          while (g_LcdX++ < LCD_LINE_LENGTH) 
....................          { 
....................             lcd_send_byte(1, ' '); 
....................          } 
....................          lcd_gotoxy(1, g_LcdY+2); 
....................          break; 
....................      #else 
....................       case '\n'   : lcd_gotoxy(1,2);        break; 
00F7:  MOVLW  01
00F8:  MOVWF  29
00F9:  MOVLW  02
00FA:  MOVWF  2A
00FB:  CALL   0A9
00FC:  GOTO   107
....................      #endif 
....................       
....................       case '\b'   : lcd_send_byte(0,0x10);  break; 
00FD:  CLRF   2D
00FE:  MOVLW  10
00FF:  MOVWF  2E
0100:  CALL   02B
0101:  GOTO   107
....................       
....................      #if defined(LCD_EXTENDED_NEWLINE) 
....................       default     :  
....................          if (g_LcdX < LCD_LINE_LENGTH) 
....................          { 
....................             lcd_send_byte(1, c); 
....................             g_LcdX++; 
....................          } 
....................          break; 
....................      #else 
....................       default     : lcd_send_byte(1,c);     break; 
0102:  MOVLW  01
0103:  MOVWF  2D
0104:  MOVF   28,W
0105:  MOVWF  2E
0106:  CALL   02B
....................      #endif 
....................    } 
0107:  BCF    0A.3
0108:  BCF    0A.4
0109:  GOTO   13D (RETURN)
.................... } 
....................   
.................... char lcd_getc(unsigned int8 x, unsigned int8 y) 
.................... { 
....................    char value; 
....................  
....................    lcd_gotoxy(x,y); 
....................    while ( bit_test(lcd_read_byte(),7) ); // wait until busy flag is low 
....................    lcd_output_rs(1); 
....................    value = lcd_read_byte(); 
....................    lcd_output_rs(0); 
....................     
....................    return(value); 
.................... } 
....................  
.................... // write a custom character to the ram 
.................... // which is 0-7 and specifies which character array we are modifying. 
.................... // ptr points to an array of 8 bytes, where each byte is the next row of 
.................... //    pixels.  only bits 0-4 are used.  the last row is the cursor row, and 
.................... //    usually you will want to leave this byte 0x00. 
.................... void lcd_set_cgram_char(unsigned int8 which, unsigned int8 *ptr) 
.................... { 
....................    unsigned int i; 
....................  
....................    which <<= 3; 
....................    which &= 0x38; 
....................  
....................    lcd_send_byte(0, 0x40 | which);  //set cgram address 
....................  
....................    for(i=0; i<8; i++) 
....................    { 
....................       lcd_send_byte(1, *ptr++); 
....................    } 
....................    
....................    #if defined(LCD_EXTENDED_NEWLINE) 
....................     lcd_gotoxy(g_LcdX+1, g_LcdY+1);  //set ddram address 
....................    #endif 
.................... } 
....................  
.................... void lcd_cursor_on(int1 on) 
.................... { 
....................    if (on) 
....................    { 
....................       lcd_send_byte(0,0x0F);           //turn LCD cursor ON 
....................    } 
....................    else 
....................    { 
....................       lcd_send_byte(0,0x0C);           //turn LCD cursor OFF 
....................    } 
.................... } 
....................  
.................... #endif 
....................  
.................... //comunicación serial 
.................... #use rs232(baud=9600, xmit=PIN_C6, rcv=PIN_C7) 
....................  
.................... void main() 
010A:  MOVF   03,W
010B:  ANDLW  1F
010C:  MOVWF  03
010D:  MOVLW  19
010E:  BSF    03.5
010F:  MOVWF  19
0110:  MOVLW  A6
0111:  MOVWF  18
0112:  MOVLW  90
0113:  BCF    03.5
0114:  MOVWF  18
0115:  BSF    03.5
0116:  BSF    1F.0
0117:  BSF    1F.1
0118:  BSF    1F.2
0119:  BCF    1F.3
011A:  MOVLW  07
011B:  MOVWF  1C
011C:  BCF    03.7
.................... { 
.................... lcd_init();    // iniciamos la LCD 
*
0120:  GOTO   06B
....................    float tem = 37.7; 
....................    int mensaje = 57; //msj a enviar x UART 
0121:  MOVLW  CD
0122:  MOVWF  25
0123:  MOVLW  CC
0124:  MOVWF  24
0125:  MOVLW  16
0126:  MOVWF  23
0127:  MOVLW  84
0128:  MOVWF  22
0129:  MOVLW  39
012A:  MOVWF  26
....................    while(TRUE) 
....................    { 
....................    lcd_gotoxy(3, 1); //ubicamos el cursor en la lcd 
012B:  MOVLW  03
012C:  MOVWF  29
012D:  MOVLW  01
012E:  MOVWF  2A
012F:  CALL   0A9
....................         lcd_putc(tem); //imprimimos en la lcd 
0130:  MOVF   25,W
0131:  MOVWF  2A
0132:  MOVF   24,W
0133:  MOVWF  29
0134:  MOVF   23,W
0135:  MOVWF  28
0136:  MOVF   22,W
0137:  MOVWF  27
0138:  GOTO   0BB
0139:  MOVF   78,W
013A:  MOVWF  27
013B:  MOVWF  28
013C:  GOTO   0DC
....................          putc(mensaje); //mandamos x serial rs232 
013D:  MOVF   26,W
013E:  BTFSS  0C.4
013F:  GOTO   13E
0140:  MOVWF  19
....................       delay_ms(1000);  // Retardo entre cada envío del mensaje completo 
0141:  MOVLW  04
0142:  MOVWF  27
0143:  MOVLW  FA
0144:  MOVWF  2C
0145:  CALL   004
0146:  DECFSZ 27,F
0147:  GOTO   143
0148:  GOTO   12B
....................    } 
.................... } 
0149:  SLEEP

Configuration Fuses:
   Word  1: 3F72   HS NOWDT PUT BROWNOUT NOLVP NOCPD NOWRT NODEBUG NOPROTECT
